[2025-07-13T13:20:05.971Z] [SYSTEM] info: Attempting to connect to Postgres database...
[2025-07-13T13:20:05.973Z] [SYSTEM] info: Postgres database connection established successfully.
[2025-07-13T13:20:07.369Z] [SYSTEM] info: Attempting to connect to Postgres database...
[2025-07-13T13:20:07.371Z] [SYSTEM] info: Postgres database connection established successfully.
[2025-07-13T13:20:22.380Z] [SYSTEM] error: Error in GET /api/assets: Error: Failed query: select count(*) from "assets" where ("assets"."deleted_at" is null and "assets"."status" = $1)
params: holding
    at PostgresJsPreparedQuery.queryWithCache (E:\data\Projects\twospace\frontend\.next\server\chunks\node_modules_drizzle-orm_6fbd7224._.js:8547:23)
    at process.processTicksAndRejections (node:internal/process/task_queues:95:5)
    at async E:\data\Projects\twospace\frontend\.next\server\chunks\node_modules_drizzle-orm_6fbd7224._.js:8706:26
    at async GET (E:\data\Projects\twospace\frontend\.next\server\chunks\[root-of-the-server]__074213ac._.js:967:34)
    at async AppRouteRouteModule.do (E:\data\Projects\twospace\frontend\node_modules\next\dist\compiled\next-server\app-route-turbo.runtime.dev.js:26:34112)
    at async AppRouteRouteModule.handle (E:\data\Projects\twospace\frontend\node_modules\next\dist\compiled\next-server\app-route-turbo.runtime.dev.js:26:41338)
    at async doRender (E:\data\Projects\twospace\frontend\node_modules\next\dist\server\base-server.js:1518:42)
    at async DevServer.renderToResponseWithComponentsImpl (E:\data\Projects\twospace\frontend\node_modules\next\dist\server\base-server.js:1920:28)
    at async DevServer.renderPageComponent (E:\data\Projects\twospace\frontend\node_modules\next\dist\server\base-server.js:2408:24)
    at async DevServer.renderToResponseImpl (E:\data\Projects\twospace\frontend\node_modules\next\dist\server\base-server.js:2445:32)
    at async DevServer.pipeImpl (E:\data\Projects\twospace\frontend\node_modules\next\dist\server\base-server.js:1008:25)
    at async NextNodeServer.handleCatchallRenderRequest (E:\data\Projects\twospace\frontend\node_modules\next\dist\server\next-server.js:305:17)
    at async DevServer.handleRequestImpl (E:\data\Projects\twospace\frontend\node_modules\next\dist\server\base-server.js:900:17)
    at async E:\data\Projects\twospace\frontend\node_modules\next\dist\server\dev\next-dev-server.js:371:20
    at async Span.traceAsyncFn (E:\data\Projects\twospace\frontend\node_modules\next\dist\trace\trace.js:157:20)
    at async DevServer.handleRequest (E:\data\Projects\twospace\frontend\node_modules\next\dist\server\dev\next-dev-server.js:368:24)
    at async invokeRender (E:\data\Projects\twospace\frontend\node_modules\next\dist\server\lib\router-server.js:237:21)
    at async handleRequest (E:\data\Projects\twospace\frontend\node_modules\next\dist\server\lib\router-server.js:428:24)
    at async requestHandlerImpl (E:\data\Projects\twospace\frontend\node_modules\next\dist\server\lib\router-server.js:452:13)
    at async Server.requestListener (E:\data\Projects\twospace\frontend\node_modules\next\dist\server\lib\start-server.js:158:13)
[2025-07-13T13:20:32.726Z] [SYSTEM] error: Error in GET /api/assets: Error: Failed query: select count(*) from "assets" where ("assets"."deleted_at" is null and "assets"."status" = $1)
params: holding
    at PostgresJsPreparedQuery.queryWithCache (E:\data\Projects\twospace\frontend\.next\server\chunks\node_modules_drizzle-orm_6fbd7224._.js:8547:23)
    at process.processTicksAndRejections (node:internal/process/task_queues:95:5)
    at async E:\data\Projects\twospace\frontend\.next\server\chunks\node_modules_drizzle-orm_6fbd7224._.js:8706:26
    at async GET (E:\data\Projects\twospace\frontend\.next\server\chunks\[root-of-the-server]__074213ac._.js:967:34)
    at async AppRouteRouteModule.do (E:\data\Projects\twospace\frontend\node_modules\next\dist\compiled\next-server\app-route-turbo.runtime.dev.js:26:34112)
    at async AppRouteRouteModule.handle (E:\data\Projects\twospace\frontend\node_modules\next\dist\compiled\next-server\app-route-turbo.runtime.dev.js:26:41338)
    at async doRender (E:\data\Projects\twospace\frontend\node_modules\next\dist\server\base-server.js:1518:42)
    at async DevServer.renderToResponseWithComponentsImpl (E:\data\Projects\twospace\frontend\node_modules\next\dist\server\base-server.js:1920:28)
    at async DevServer.renderPageComponent (E:\data\Projects\twospace\frontend\node_modules\next\dist\server\base-server.js:2408:24)
    at async DevServer.renderToResponseImpl (E:\data\Projects\twospace\frontend\node_modules\next\dist\server\base-server.js:2445:32)
    at async DevServer.pipeImpl (E:\data\Projects\twospace\frontend\node_modules\next\dist\server\base-server.js:1008:25)
    at async NextNodeServer.handleCatchallRenderRequest (E:\data\Projects\twospace\frontend\node_modules\next\dist\server\next-server.js:305:17)
    at async DevServer.handleRequestImpl (E:\data\Projects\twospace\frontend\node_modules\next\dist\server\base-server.js:900:17)
    at async E:\data\Projects\twospace\frontend\node_modules\next\dist\server\dev\next-dev-server.js:371:20
    at async Span.traceAsyncFn (E:\data\Projects\twospace\frontend\node_modules\next\dist\trace\trace.js:157:20)
    at async DevServer.handleRequest (E:\data\Projects\twospace\frontend\node_modules\next\dist\server\dev\next-dev-server.js:368:24)
    at async invokeRender (E:\data\Projects\twospace\frontend\node_modules\next\dist\server\lib\router-server.js:237:21)
    at async handleRequest (E:\data\Projects\twospace\frontend\node_modules\next\dist\server\lib\router-server.js:428:24)
    at async requestHandlerImpl (E:\data\Projects\twospace\frontend\node_modules\next\dist\server\lib\router-server.js:452:13)
    at async Server.requestListener (E:\data\Projects\twospace\frontend\node_modules\next\dist\server\lib\start-server.js:158:13)
[2025-07-13T13:29:08.447Z] [SYSTEM] error: Error in GET /api/assets: Error: Failed query: select count(*) from "assets" where ("assets"."deleted_at" is null and "assets"."status" = $1)
params: holding
    at PostgresJsPreparedQuery.queryWithCache (E:\data\Projects\twospace\frontend\.next\server\chunks\node_modules_drizzle-orm_6fbd7224._.js:8547:23)
    at process.processTicksAndRejections (node:internal/process/task_queues:95:5)
    at async E:\data\Projects\twospace\frontend\.next\server\chunks\node_modules_drizzle-orm_6fbd7224._.js:8706:26
    at async GET (E:\data\Projects\twospace\frontend\.next\server\chunks\[root-of-the-server]__074213ac._.js:967:34)
    at async AppRouteRouteModule.do (E:\data\Projects\twospace\frontend\node_modules\next\dist\compiled\next-server\app-route-turbo.runtime.dev.js:26:34112)
    at async AppRouteRouteModule.handle (E:\data\Projects\twospace\frontend\node_modules\next\dist\compiled\next-server\app-route-turbo.runtime.dev.js:26:41338)
    at async doRender (E:\data\Projects\twospace\frontend\node_modules\next\dist\server\base-server.js:1518:42)
    at async DevServer.renderToResponseWithComponentsImpl (E:\data\Projects\twospace\frontend\node_modules\next\dist\server\base-server.js:1920:28)
    at async DevServer.renderPageComponent (E:\data\Projects\twospace\frontend\node_modules\next\dist\server\base-server.js:2408:24)
    at async DevServer.renderToResponseImpl (E:\data\Projects\twospace\frontend\node_modules\next\dist\server\base-server.js:2445:32)
    at async DevServer.pipeImpl (E:\data\Projects\twospace\frontend\node_modules\next\dist\server\base-server.js:1008:25)
    at async NextNodeServer.handleCatchallRenderRequest (E:\data\Projects\twospace\frontend\node_modules\next\dist\server\next-server.js:305:17)
    at async DevServer.handleRequestImpl (E:\data\Projects\twospace\frontend\node_modules\next\dist\server\base-server.js:900:17)
    at async E:\data\Projects\twospace\frontend\node_modules\next\dist\server\dev\next-dev-server.js:371:20
    at async Span.traceAsyncFn (E:\data\Projects\twospace\frontend\node_modules\next\dist\trace\trace.js:157:20)
    at async DevServer.handleRequest (E:\data\Projects\twospace\frontend\node_modules\next\dist\server\dev\next-dev-server.js:368:24)
    at async invokeRender (E:\data\Projects\twospace\frontend\node_modules\next\dist\server\lib\router-server.js:237:21)
    at async handleRequest (E:\data\Projects\twospace\frontend\node_modules\next\dist\server\lib\router-server.js:428:24)
    at async requestHandlerImpl (E:\data\Projects\twospace\frontend\node_modules\next\dist\server\lib\router-server.js:452:13)
    at async Server.requestListener (E:\data\Projects\twospace\frontend\node_modules\next\dist\server\lib\start-server.js:158:13)
[2025-07-13T13:50:24.479Z] [SYSTEM] info: Attempting to connect to Postgres database...
[2025-07-13T13:50:24.482Z] [SYSTEM] info: Postgres database connection established successfully.
[2025-07-13T13:50:24.605Z] [SYSTEM] info: Attempting to connect to Postgres database...
[2025-07-13T13:50:24.609Z] [SYSTEM] info: Postgres database connection established successfully.
[2025-07-13T13:50:24.626Z] [SYSTEM] info: Attempting to connect to Postgres database...
[2025-07-13T13:50:24.630Z] [SYSTEM] info: Postgres database connection established successfully.
[2025-07-13T13:50:24.625Z] [SYSTEM] info: Attempting to connect to Postgres database...
[2025-07-13T13:50:24.628Z] [SYSTEM] info: Postgres database connection established successfully.
[2025-07-13T13:50:24.626Z] [SYSTEM] info: Attempting to connect to Postgres database...
[2025-07-13T13:50:24.629Z] [SYSTEM] info: Postgres database connection established successfully.
[2025-07-13T13:50:24.630Z] [SYSTEM] info: Attempting to connect to Postgres database...
[2025-07-13T13:50:24.634Z] [SYSTEM] info: Postgres database connection established successfully.
[2025-07-13T13:50:24.628Z] [SYSTEM] info: Attempting to connect to Postgres database...
[2025-07-13T13:50:24.632Z] [SYSTEM] info: Postgres database connection established successfully.
[2025-07-13T13:50:24.641Z] [SYSTEM] info: Attempting to connect to Postgres database...
[2025-07-13T13:50:24.645Z] [SYSTEM] info: Postgres database connection established successfully.
[2025-07-13T13:50:24.637Z] [SYSTEM] info: Attempting to connect to Postgres database...
[2025-07-13T13:50:24.642Z] [SYSTEM] info: Postgres database connection established successfully.
[2025-07-13T13:50:24.655Z] [SYSTEM] info: Attempting to connect to Postgres database...
[2025-07-13T13:50:24.659Z] [SYSTEM] info: Postgres database connection established successfully.
[2025-07-13T13:50:24.662Z] [SYSTEM] info: Attempting to connect to Postgres database...
[2025-07-13T13:50:24.665Z] [SYSTEM] info: Postgres database connection established successfully.
[2025-07-13T13:50:24.662Z] [SYSTEM] info: Attempting to connect to Postgres database...
[2025-07-13T13:50:24.665Z] [SYSTEM] info: Postgres database connection established successfully.
[2025-07-13T13:50:24.666Z] [SYSTEM] info: Attempting to connect to Postgres database...
[2025-07-13T13:50:24.669Z] [SYSTEM] info: Postgres database connection established successfully.
[2025-07-13T13:50:24.665Z] [SYSTEM] info: Attempting to connect to Postgres database...
[2025-07-13T13:50:24.669Z] [SYSTEM] info: Postgres database connection established successfully.
[2025-07-13T13:50:24.671Z] [SYSTEM] info: Attempting to connect to Postgres database...
[2025-07-13T13:50:24.674Z] [SYSTEM] info: Postgres database connection established successfully.
[2025-07-13T13:50:24.677Z] [SYSTEM] info: Attempting to connect to Postgres database...
[2025-07-13T13:50:24.680Z] [SYSTEM] info: Postgres database connection established successfully.
[2025-07-13T13:50:24.678Z] [SYSTEM] info: Attempting to connect to Postgres database...
[2025-07-13T13:50:24.681Z] [SYSTEM] info: Postgres database connection established successfully.
[2025-07-13T13:50:24.679Z] [SYSTEM] info: Attempting to connect to Postgres database...
[2025-07-13T13:50:24.681Z] [SYSTEM] info: Postgres database connection established successfully.
[2025-07-13T13:50:24.681Z] [SYSTEM] info: Attempting to connect to Postgres database...
[2025-07-13T13:50:24.683Z] [SYSTEM] info: Postgres database connection established successfully.
[2025-07-13T13:50:24.687Z] [SYSTEM] info: Attempting to connect to Postgres database...
[2025-07-13T13:50:24.690Z] [SYSTEM] info: Postgres database connection established successfully.
[2025-07-13T13:50:24.699Z] [SYSTEM] info: Attempting to connect to Postgres database...
[2025-07-13T13:50:24.702Z] [SYSTEM] info: Postgres database connection established successfully.
[2025-07-13T13:50:24.708Z] [SYSTEM] info: Attempting to connect to Postgres database...
[2025-07-13T13:50:24.710Z] [SYSTEM] info: Postgres database connection established successfully.
[2025-07-13T13:50:27.094Z] [SYSTEM] info: Attempting to connect to Postgres database...
[2025-07-13T13:50:27.096Z] [SYSTEM] info: Postgres database connection established successfully.
[2025-07-13T13:50:27.150Z] [SYSTEM] info: Attempting to connect to Postgres database...
[2025-07-13T13:50:27.152Z] [SYSTEM] info: Postgres database connection established successfully.
[2025-07-13T14:01:42.117Z] [SYSTEM] info: Attempting to connect to Postgres database...
[2025-07-13T14:01:42.119Z] [SYSTEM] info: Postgres database connection established successfully.
[2025-07-13T14:01:51.888Z] [SYSTEM] info: Attempting to connect to Postgres database...
[2025-07-13T14:01:51.889Z] [SYSTEM] info: Postgres database connection established successfully.
[2025-07-13T14:05:53.830Z] [SYSTEM] info: Attempting to connect to Postgres database...
[2025-07-13T14:05:53.832Z] [SYSTEM] info: Postgres database connection established successfully.
[2025-07-13T14:05:53.854Z] [SYSTEM] info: Attempting to connect to Postgres database...
[2025-07-13T14:05:53.857Z] [SYSTEM] info: Postgres database connection established successfully.
[2025-07-13T14:05:53.935Z] [SYSTEM] info: Attempting to connect to Postgres database...
[2025-07-13T14:05:53.940Z] [SYSTEM] info: Postgres database connection established successfully.
[2025-07-13T14:05:53.956Z] [SYSTEM] info: Attempting to connect to Postgres database...
[2025-07-13T14:05:53.960Z] [SYSTEM] info: Postgres database connection established successfully.
[2025-07-13T14:05:53.959Z] [SYSTEM] info: Attempting to connect to Postgres database...
[2025-07-13T14:05:53.962Z] [SYSTEM] info: Postgres database connection established successfully.
[2025-07-13T14:05:53.963Z] [SYSTEM] info: Attempting to connect to Postgres database...
[2025-07-13T14:05:53.968Z] [SYSTEM] info: Postgres database connection established successfully.
[2025-07-13T14:05:53.970Z] [SYSTEM] info: Attempting to connect to Postgres database...
[2025-07-13T14:05:53.974Z] [SYSTEM] info: Postgres database connection established successfully.
[2025-07-13T14:05:53.973Z] [SYSTEM] info: Attempting to connect to Postgres database...
[2025-07-13T14:05:53.978Z] [SYSTEM] info: Postgres database connection established successfully.
[2025-07-13T14:05:53.983Z] [SYSTEM] info: Attempting to connect to Postgres database...
[2025-07-13T14:05:53.985Z] [SYSTEM] info: Postgres database connection established successfully.
[2025-07-13T14:05:53.983Z] [SYSTEM] info: Attempting to connect to Postgres database...
[2025-07-13T14:05:53.986Z] [SYSTEM] info: Postgres database connection established successfully.
[2025-07-13T14:05:53.990Z] [SYSTEM] info: Attempting to connect to Postgres database...
[2025-07-13T14:05:53.993Z] [SYSTEM] info: Postgres database connection established successfully.
[2025-07-13T14:05:53.981Z] [SYSTEM] info: Attempting to connect to Postgres database...
[2025-07-13T14:05:53.986Z] [SYSTEM] info: Postgres database connection established successfully.
[2025-07-13T14:05:53.996Z] [SYSTEM] info: Attempting to connect to Postgres database...
[2025-07-13T14:05:53.999Z] [SYSTEM] info: Postgres database connection established successfully.
[2025-07-13T14:05:53.996Z] [SYSTEM] info: Attempting to connect to Postgres database...
[2025-07-13T14:05:53.998Z] [SYSTEM] info: Postgres database connection established successfully.
[2025-07-13T14:05:53.998Z] [SYSTEM] info: Attempting to connect to Postgres database...
[2025-07-13T14:05:54.002Z] [SYSTEM] info: Postgres database connection established successfully.
[2025-07-13T14:05:54.002Z] [SYSTEM] info: Attempting to connect to Postgres database...
[2025-07-13T14:05:54.004Z] [SYSTEM] info: Postgres database connection established successfully.
[2025-07-13T14:05:54.003Z] [SYSTEM] info: Attempting to connect to Postgres database...
[2025-07-13T14:05:54.006Z] [SYSTEM] info: Postgres database connection established successfully.
[2025-07-13T14:05:54.005Z] [SYSTEM] info: Attempting to connect to Postgres database...
[2025-07-13T14:05:54.008Z] [SYSTEM] info: Postgres database connection established successfully.
[2025-07-13T14:05:54.007Z] [SYSTEM] info: Attempting to connect to Postgres database...
[2025-07-13T14:05:54.009Z] [SYSTEM] info: Postgres database connection established successfully.
[2025-07-13T14:05:54.010Z] [SYSTEM] info: Attempting to connect to Postgres database...
[2025-07-13T14:05:54.012Z] [SYSTEM] info: Postgres database connection established successfully.
[2025-07-13T14:05:54.015Z] [SYSTEM] info: Attempting to connect to Postgres database...
[2025-07-13T14:05:54.017Z] [SYSTEM] info: Postgres database connection established successfully.
[2025-07-13T14:05:54.016Z] [SYSTEM] info: Attempting to connect to Postgres database...
[2025-07-13T14:05:54.020Z] [SYSTEM] info: Postgres database connection established successfully.
[2025-07-13T14:05:56.557Z] [SYSTEM] info: Attempting to connect to Postgres database...
[2025-07-13T14:05:56.560Z] [SYSTEM] info: Postgres database connection established successfully.
[2025-07-13T14:05:56.619Z] [SYSTEM] info: Attempting to connect to Postgres database...
[2025-07-13T14:05:56.621Z] [SYSTEM] info: Postgres database connection established successfully.
